c:\spaceshooter-rotation5\spaceshooter-rotation5\debug\actions.obj
c:\spaceshooter-rotation5\spaceshooter-rotation5\debug\animation.obj
c:\spaceshooter-rotation5\spaceshooter-rotation5\debug\battle.obj
c:\spaceshooter-rotation5\spaceshooter-rotation5\debug\button.obj
c:\spaceshooter-rotation5\spaceshooter-rotation5\debug\camera.obj
c:\spaceshooter-rotation5\spaceshooter-rotation5\debug\colorchange.obj
c:\spaceshooter-rotation5\spaceshooter-rotation5\debug\effect.obj
c:\spaceshooter-rotation5\spaceshooter-rotation5\debug\enemy.obj
c:\spaceshooter-rotation5\spaceshooter-rotation5\debug\entity.obj
c:\spaceshooter-rotation5\spaceshooter-rotation5\debug\game.obj
c:\spaceshooter-rotation5\spaceshooter-rotation5\debug\gameevents.obj
c:\spaceshooter-rotation5\spaceshooter-rotation5\debug\gameplay.obj
c:\spaceshooter-rotation5\spaceshooter-rotation5\debug\globalsarebad.obj
c:\spaceshooter-rotation5\spaceshooter-rotation5\debug\main.obj
c:\spaceshooter-rotation5\spaceshooter-rotation5\debug\mainmenu.obj
c:\spaceshooter-rotation5\spaceshooter-rotation5\debug\math.obj
c:\spaceshooter-rotation5\spaceshooter-rotation5\debug\missile.obj
c:\spaceshooter-rotation5\spaceshooter-rotation5\debug\player.obj
c:\spaceshooter-rotation5\spaceshooter-rotation5\debug\playerconstants.obj
c:\spaceshooter-rotation5\spaceshooter-rotation5\debug\source.obj
c:\spaceshooter-rotation5\spaceshooter-rotation5\debug\storyscriptconstants.obj
c:\spaceshooter-rotation5\spaceshooter-rotation5\debug\texture.obj
c:\spaceshooter-rotation5\spaceshooter-rotation5\debug\util.obj
c:\spaceshooter-rotation5\spaceshooter-rotation5\debug\spaceshooter.ilk
c:\spaceshooter-rotation5\spaceshooter-rotation5\debug\vc120.idb
c:\spaceshooter-rotation5\spaceshooter-rotation5\debug\spaceshooter.pdb
c:\spaceshooter-rotation5\spaceshooter-rotation5\debug\vc120.pdb
