  Enemy.cpp
c:\protoone\protoone\camera.h(121): warning C4244: '=': conversion from 'int' to 'float', possible loss of data
c:\protoone\protoone\camera.h(122): warning C4244: '=': conversion from 'int' to 'float', possible loss of data
c:\protoone\protoone\actions.h(262): warning C4200: nonstandard extension used: zero-sized array in struct/union
  c:\protoone\protoone\actions.h(262): note: This member will be ignored by a defaulted constructor or copy/move assignment operator
c:\protoone\protoone\boundary.h(36): warning C4244: 'argument': conversion from 'int' to 'float', possible loss of data
c:\protoone\protoone\boundary.h(37): warning C4244: 'argument': conversion from 'int' to 'float', possible loss of data
c:\protoone\protoone\enemy.cpp(140): warning C4305: 'argument': truncation from 'double' to 'float'
c:\protoone\protoone\enemy.cpp(143): warning C4305: 'argument': truncation from 'double' to 'float'
c:\protoone\protoone\enemy.cpp(146): warning C4305: 'argument': truncation from 'double' to 'float'
c:\protoone\protoone\enemy.cpp(149): warning C4305: 'argument': truncation from 'double' to 'float'
  Game.cpp
c:\protoone\protoone\camera.h(121): warning C4244: '=': conversion from 'int' to 'float', possible loss of data
c:\protoone\protoone\camera.h(122): warning C4244: '=': conversion from 'int' to 'float', possible loss of data
c:\protoone\protoone\actions.h(262): warning C4200: nonstandard extension used: zero-sized array in struct/union
  c:\protoone\protoone\actions.h(262): note: This member will be ignored by a defaulted constructor or copy/move assignment operator
c:\protoone\protoone\boundary.h(36): warning C4244: 'argument': conversion from 'int' to 'float', possible loss of data
c:\protoone\protoone\boundary.h(37): warning C4244: 'argument': conversion from 'int' to 'float', possible loss of data
  GameEvents.cpp
c:\protoone\protoone\camera.h(121): warning C4244: '=': conversion from 'int' to 'float', possible loss of data
c:\protoone\protoone\camera.h(122): warning C4244: '=': conversion from 'int' to 'float', possible loss of data
c:\protoone\protoone\actions.h(262): warning C4200: nonstandard extension used: zero-sized array in struct/union
  c:\protoone\protoone\actions.h(262): note: This member will be ignored by a defaulted constructor or copy/move assignment operator
c:\protoone\protoone\boundary.h(36): warning C4244: 'argument': conversion from 'int' to 'float', possible loss of data
c:\protoone\protoone\boundary.h(37): warning C4244: 'argument': conversion from 'int' to 'float', possible loss of data
  Gameplay.cpp
c:\protoone\protoone\camera.h(121): warning C4244: '=': conversion from 'int' to 'float', possible loss of data
c:\protoone\protoone\camera.h(122): warning C4244: '=': conversion from 'int' to 'float', possible loss of data
c:\protoone\protoone\actions.h(262): warning C4200: nonstandard extension used: zero-sized array in struct/union
  c:\protoone\protoone\actions.h(262): note: This member will be ignored by a defaulted constructor or copy/move assignment operator
c:\protoone\protoone\boundary.h(36): warning C4244: 'argument': conversion from 'int' to 'float', possible loss of data
c:\protoone\protoone\boundary.h(37): warning C4244: 'argument': conversion from 'int' to 'float', possible loss of data
c:\protoone\protoone\gameplay.cpp(122): warning C4305: 'argument': truncation from 'double' to 'float'
c:\protoone\protoone\gameplay.cpp(127): warning C4305: 'argument': truncation from 'double' to 'float'
c:\protoone\protoone\gameplay.cpp(233): warning C4244: 'argument': conversion from 'int' to 'float', possible loss of data
c:\protoone\protoone\gameplay.cpp(248): warning C4244: 'argument': conversion from 'int' to 'float', possible loss of data
c:\protoone\protoone\gameplay.cpp(323): warning C4305: 'argument': truncation from 'double' to 'float'
c:\protoone\protoone\gameplay.cpp(408): warning C4244: 'argument': conversion from 'int' to 'float', possible loss of data
c:\protoone\protoone\gameplay.cpp(409): warning C4244: 'argument': conversion from 'int' to 'float', possible loss of data
c:\protoone\protoone\gameplay.cpp(1145): warning C4244: 'argument': conversion from 'const Sint32' to 'float', possible loss of data
c:\protoone\protoone\gameplay.cpp(1149): warning C4305: 'argument': truncation from 'double' to 'float'
c:\protoone\protoone\gameplay.cpp(1151): warning C4305: 'argument': truncation from 'double' to 'float'
c:\protoone\protoone\gameplay.cpp(1168): warning C4244: '=': conversion from 'float' to 'int', possible loss of data
c:\protoone\protoone\gameplay.cpp(1169): warning C4244: '=': conversion from 'float' to 'int', possible loss of data
  GrassLandsGamePlay.cpp
c:\protoone\protoone\camera.h(121): warning C4244: '=': conversion from 'int' to 'float', possible loss of data
c:\protoone\protoone\camera.h(122): warning C4244: '=': conversion from 'int' to 'float', possible loss of data
c:\protoone\protoone\actions.h(262): warning C4200: nonstandard extension used: zero-sized array in struct/union
  c:\protoone\protoone\actions.h(262): note: This member will be ignored by a defaulted constructor or copy/move assignment operator
c:\protoone\protoone\boundary.h(36): warning C4244: 'argument': conversion from 'int' to 'float', possible loss of data
c:\protoone\protoone\boundary.h(37): warning C4244: 'argument': conversion from 'int' to 'float', possible loss of data
  Main.cpp
c:\protoone\protoone\camera.h(121): warning C4244: '=': conversion from 'int' to 'float', possible loss of data
c:\protoone\protoone\camera.h(122): warning C4244: '=': conversion from 'int' to 'float', possible loss of data
c:\protoone\protoone\actions.h(262): warning C4200: nonstandard extension used: zero-sized array in struct/union
  c:\protoone\protoone\actions.h(262): note: This member will be ignored by a defaulted constructor or copy/move assignment operator
c:\protoone\protoone\boundary.h(36): warning C4244: 'argument': conversion from 'int' to 'float', possible loss of data
c:\protoone\protoone\boundary.h(37): warning C4244: 'argument': conversion from 'int' to 'float', possible loss of data
  MainMenu.cpp
c:\protoone\protoone\camera.h(121): warning C4244: '=': conversion from 'int' to 'float', possible loss of data
c:\protoone\protoone\camera.h(122): warning C4244: '=': conversion from 'int' to 'float', possible loss of data
c:\protoone\protoone\actions.h(262): warning C4200: nonstandard extension used: zero-sized array in struct/union
  c:\protoone\protoone\actions.h(262): note: This member will be ignored by a defaulted constructor or copy/move assignment operator
c:\protoone\protoone\boundary.h(36): warning C4244: 'argument': conversion from 'int' to 'float', possible loss of data
c:\protoone\protoone\boundary.h(37): warning C4244: 'argument': conversion from 'int' to 'float', possible loss of data
  NPC.cpp
c:\protoone\protoone\camera.h(121): warning C4244: '=': conversion from 'int' to 'float', possible loss of data
c:\protoone\protoone\camera.h(122): warning C4244: '=': conversion from 'int' to 'float', possible loss of data
  Player.cpp
c:\protoone\protoone\camera.h(121): warning C4244: '=': conversion from 'int' to 'float', possible loss of data
c:\protoone\protoone\camera.h(122): warning C4244: '=': conversion from 'int' to 'float', possible loss of data
c:\protoone\protoone\actions.h(262): warning C4200: nonstandard extension used: zero-sized array in struct/union
  c:\protoone\protoone\actions.h(262): note: This member will be ignored by a defaulted constructor or copy/move assignment operator
c:\protoone\protoone\boundary.h(36): warning C4244: 'argument': conversion from 'int' to 'float', possible loss of data
c:\protoone\protoone\boundary.h(37): warning C4244: 'argument': conversion from 'int' to 'float', possible loss of data
c:\protoone\protoone\player.cpp(81): warning C4244: 'argument': conversion from 'float' to 'int', possible loss of data
c:\protoone\protoone\player.cpp(84): warning C4244: 'argument': conversion from 'float' to 'int', possible loss of data
c:\protoone\protoone\player.cpp(87): warning C4244: 'argument': conversion from 'float' to 'int', possible loss of data
c:\protoone\protoone\player.cpp(90): warning C4244: 'argument': conversion from 'float' to 'int', possible loss of data
  Generating Code...
  ProtoOne.vcxproj -> C:\ProtoOne\ProtoOne\Debug\ProtoOne.exe
