  main.cpp
  olcConsoleGameEngineOOP.cpp
  RPG_Assets.cpp
  RPG_Commands.cpp
  RPG_Dynamics.cpp
c:\protoone\videos-master\olcroleplayinggame\rpg_dynamics.cpp(195): warning C4244: 'argument': conversion from 'float' to 'int', possible loss of data
c:\protoone\videos-master\olcroleplayinggame\rpg_dynamics.cpp(303): warning C4244: 'argument': conversion from 'float' to 'int', possible loss of data
c:\protoone\videos-master\olcroleplayinggame\rpg_dynamics.cpp(328): warning C4244: 'argument': conversion from 'float' to 'int', possible loss of data
c:\protoone\videos-master\olcroleplayinggame\rpg_dynamics.cpp(364): warning C4244: 'argument': conversion from 'float' to 'int', possible loss of data
  RPG_Engine.cpp
c:\protoone\videos-master\olcroleplayinggame\rpg_engine.cpp(281): warning C4244: 'argument': conversion from 'float' to 'int', possible loss of data
c:\protoone\videos-master\olcroleplayinggame\rpg_engine.cpp(283): warning C4244: '=': conversion from 'int' to 'float', possible loss of data
c:\protoone\videos-master\olcroleplayinggame\rpg_engine.cpp(290): warning C4244: 'argument': conversion from 'float' to 'int', possible loss of data
c:\protoone\videos-master\olcroleplayinggame\rpg_engine.cpp(292): warning C4244: '=': conversion from 'int' to 'float', possible loss of data
c:\protoone\videos-master\olcroleplayinggame\rpg_engine.cpp(301): warning C4244: 'argument': conversion from 'float' to 'int', possible loss of data
c:\protoone\videos-master\olcroleplayinggame\rpg_engine.cpp(303): warning C4244: '=': conversion from 'int' to 'float', possible loss of data
c:\protoone\videos-master\olcroleplayinggame\rpg_engine.cpp(310): warning C4244: 'argument': conversion from 'float' to 'int', possible loss of data
c:\protoone\videos-master\olcroleplayinggame\rpg_engine.cpp(312): warning C4244: '=': conversion from 'int' to 'float', possible loss of data
c:\protoone\videos-master\olcroleplayinggame\rpg_engine.cpp(437): warning C4244: '=': conversion from 'int' to 'float', possible loss of data
c:\protoone\videos-master\olcroleplayinggame\rpg_engine.cpp(438): warning C4244: '=': conversion from 'int' to 'float', possible loss of data
c:\protoone\videos-master\olcroleplayinggame\rpg_engine.cpp(449): warning C4244: 'argument': conversion from 'float' to 'int', possible loss of data
c:\protoone\videos-master\olcroleplayinggame\rpg_engine.cpp(453): warning C4244: 'argument': conversion from 'float' to 'int', possible loss of data
c:\protoone\videos-master\olcroleplayinggame\rpg_engine.cpp(487): warning C4018: '>': signed/unsigned mismatch
c:\protoone\videos-master\olcroleplayinggame\rpg_engine.cpp(496): warning C4018: '<': signed/unsigned mismatch
  RPG_Items.cpp
c:\protoone\videos-master\olcroleplayinggame\rpg_items.cpp(190): warning C4244: 'argument': conversion from 'int' to 'float', possible loss of data
c:\protoone\videos-master\olcroleplayinggame\rpg_items.cpp(198): warning C4244: 'argument': conversion from 'int' to 'float', possible loss of data
  RPG_Maps.cpp
  RPG_Quests.cpp
c:\protoone\videos-master\olcroleplayinggame\rpg_quests.cpp(78): warning C4005: 'X': macro redefinition
  c:\protoone\videos-master\olcroleplayinggame\rpg_engine.h(90): note: see previous definition of 'X'
  Generating Code...
  RPGVideo.vcxproj -> C:\ProtoOne\videos-master\olcRolePlayingGame\Debug\RPGVideo.exe
